[18/Mar/2019:12:38:22 +0000] miber.in CONNECT - -
[18/Mar/2019:12:38:22 +0000] sss.in CONNECT - -
[18/Mar/2019:12:38:22 +0000] miber.in GET - -
[18/Mar/2019:12:38:22 +0000] infyn.in GET - -
[18/Mar/2019:12:38:22 +0000] zomato.in CONNECT - -
[18/Mar/2019:12:38:22 +0000] data.in CONNECT - -
[18/Mar/2019:12:38:22 +0000] infyn.in CONNECT - -
[18/Mar/2019:12:38:22 +0000] miber.in CONNECT - -
[18/Mar/2019:12:38:22 +0000] miber.in GET - -
[18/Mar/2019:12:38:22 +0000] miber.in CONNECT - -
[18/Mar/2019:12:38:22 +0000] file.in CONNECT - -
[18/Mar/2019:12:38:22 +0000] miber.in CONNECT - -
[18/Mar/2019:12:38:22 +0000] sss.in CONNECT - -
[18/Mar/2019:12:38:22 +0000] sss.in CONNECT - -
[18/Mar/2019:12:38:22 +0000] miber.in GET - -
[18/Mar/2019:12:38:22 +0000] infyn.in GET - -
[18/Mar/2019:12:38:22 +0000] infyn.in CONNECT - -
[18/Mar/2019:12:38:22 +0000] data.in CONNECT - -
[18/Mar/2019:12:38:22 +0000] new.in CONNECT - -
[18/Mar/2019:12:38:22 +0000] new.in CONNECT - -
[18/Mar/2019:12:38:22 +0000] miber.in GET - -
[18/Mar/2019:12:38:22 +0000] new.in CONNECT - -
[18/Mar/2019:12:38:22 +0000] file.in CONNECT - -
[18/Mar/2019:12:38:25 +0000] miber.in CONNECT - -